C51 COMPILER V9.54   ONEWIRE                                                               05/30/2025 15:55:22 PAGE 1   


C51 COMPILER V9.54, COMPILATION OF MODULE ONEWIRE
OBJECT MODULE PLACED IN .\Objects\OneWire.obj
COMPILER INVOKED BY: E:\Keil5\C51\BIN\C51.EXE OneWire.c OPTIMIZE(8,SPEED) BROWSE DEBUG OBJECTEXTEND PRINT(.\Listings\One
                    -Wire.lst) TABS(2) OBJECT(.\Objects\OneWire.obj)

line level    source

   1          #include <REGX52.H>
   2          
   3          sbit OneWire_DQ = P3^7;
   4          
   5          unsigned char OneWire_Init(void)
   6          {
   7   1        unsigned char i;
   8   1        unsigned char AckBit;
   9   1        EA = 0;
  10   1        OneWire_DQ = 1;
  11   1        OneWire_DQ = 0;
  12   1        i = 247;while (--i);  //用于Delay500us
  13   1        OneWire_DQ = 1;
  14   1        i = 32;while (--i);   //Delay70us
  15   1        AckBit = OneWire_DQ;
  16   1        i = 247;while (--i);  //用于Delay500us
  17   1        EA = 1;
  18   1        return AckBit;
  19   1      }
  20          
  21          void OneWire_SendBit(unsigned char Bit)
  22          {
  23   1        unsigned char i;
  24   1        EA = 0;
  25   1        OneWire_DQ = 0;
  26   1        i = 4;while (--i);    //Delay 10us
  27   1        OneWire_DQ = Bit;
  28   1        i = 24;while (--i);   //Delay 50us
  29   1        OneWire_DQ = 1;
  30   1        EA = 1;
  31   1      }
  32          
  33          unsigned char OneWire_ReceiveBit(void)
  34          {
  35   1        unsigned char Bit;
  36   1        unsigned char i;
  37   1        EA = 0;
  38   1        OneWire_DQ = 0;
  39   1        i = 2;while (--i); //Delay 5us
  40   1        OneWire_DQ = 1;
  41   1        i = 2;while (--i); //Delay 5us
  42   1        Bit = OneWire_DQ;
  43   1        i = 24;while (--i);   //Delay 50us
  44   1        EA = 1 ;
  45   1        return Bit;
  46   1      }
  47          
  48          void OneWire_SentByte(unsigned char Byte)
  49          {
  50   1        unsigned char i;
  51   1        EA = 0;
  52   1        for(i=0;i<8;i++)
  53   1        {
  54   2          OneWire_SendBit(Byte & (0x01<<i));
C51 COMPILER V9.54   ONEWIRE                                                               05/30/2025 15:55:22 PAGE 2   

  55   2        }
  56   1        EA = 1;
  57   1      }
  58          
  59          unsigned char OneWire_ReceiveByte(void)
  60          {
  61   1        unsigned char i;
  62   1        unsigned char Byte=0x00;
  63   1        EA = 0;
  64   1        for(i=0;i<8;i++)
  65   1        {
  66   2          if(OneWire_ReceiveBit())
  67   2          {
  68   3            Byte|=(0x01<<i);
  69   3          }
  70   2        }
  71   1        EA = 1;
  72   1        return Byte;
  73   1      }


MODULE INFORMATION:   STATIC OVERLAYABLE
   CODE SIZE        =    142    ----
   CONSTANT SIZE    =   ----    ----
   XDATA SIZE       =   ----    ----
   PDATA SIZE       =   ----    ----
   DATA SIZE        =   ----    ----
   IDATA SIZE       =   ----    ----
   BIT SIZE         =   ----    ----
END OF MODULE INFORMATION.


C51 COMPILATION COMPLETE.  0 WARNING(S),  0 ERROR(S)
